mode: atomic
github.com/DimitarL/rental/internal/service/service.go:27.36,31.2 1 13
github.com/DimitarL/rental/internal/service/service.go:33.86,35.16 2 7
github.com/DimitarL/rental/internal/service/service.go:35.16,36.39 1 4
github.com/DimitarL/rental/internal/service/service.go:36.39,38.4 1 2
github.com/DimitarL/rental/internal/service/service.go:39.3,39.68 1 2
github.com/DimitarL/rental/internal/service/service.go:42.2,42.20 1 3
github.com/DimitarL/rental/internal/service/service.go:45.100,47.16 2 5
github.com/DimitarL/rental/internal/service/service.go:47.16,49.3 1 2
github.com/DimitarL/rental/internal/service/service.go:51.2,51.21 1 3
